2024-06-26 19:11:03.260 [main] ERROR br.edu.up.gestaoresiduos.util.Util - j infelizmente, não é um número inteiro
java.lang.NumberFormatException: For input string: "j"
	at java.base/java.lang.NumberFormatException.forInputString(NumberFormatException.java:67) ~[?:?]
	at java.base/java.lang.Integer.parseInt(Integer.java:665) ~[?:?]
	at java.base/java.lang.Integer.parseInt(Integer.java:781) ~[?:?]
	at br.edu.up.gestaoresiduos.util.Util.lerInteiro(Util.java:16) [classes/:?]
	at br.edu.up.Main.main(Main.java:26) [classes/:?]
2024-06-26 19:11:03.283 [main] ERROR br.edu.up.gestaoresiduos.util.Util - Leitura não está dentro do escopo esperado
2024-06-26 19:11:06.104 [main] INFO  br.edu.up.gestaoresiduos.util.Util - Número inteiro comprovado!
2024-06-26 19:11:08.951 [main] INFO  br.edu.up.gestaoresiduos.util.Util - Número inteiro comprovado!
2024-06-26 19:11:27.146 [main] INFO  br.edu.up.gestaoresiduos.util.Util - Número inteiro comprovado!
2024-06-26 19:11:38.049 [main] INFO  br.edu.up.gestaoresiduos.util.Util - Número inteiro comprovado!
2024-06-26 19:11:40.879 [main] INFO  br.edu.up.gestaoresiduos.controllers.PontoColetaController - Ponto de coleta adicionado: lolo
2024-06-26 19:11:43.027 [main] INFO  br.edu.up.gestaoresiduos.util.Util - Número inteiro comprovado!
2024-06-26 19:11:46.290 [main] INFO  br.edu.up.gestaoresiduos.util.Util - Número inteiro comprovado!
2024-06-26 19:11:59.219 [main] INFO  br.edu.up.gestaoresiduos.util.Util - Número inteiro comprovado!
2024-06-26 19:28:32.442 [main] INFO  br.edu.up.gestaoresiduos.util.Util - Número inteiro comprovado!
2024-06-26 19:28:35.524 [main] INFO  br.edu.up.gestaoresiduos.util.Util - Número inteiro comprovado!
2024-06-26 19:28:44.339 [main] INFO  br.edu.up.gestaoresiduos.controllers.PontoColetaController - Ponto de coleta adicionado: Ala oeste
2024-06-26 19:28:58.136 [main] INFO  br.edu.up.gestaoresiduos.util.Util - Número inteiro comprovado!
2024-06-26 19:29:02.733 [main] INFO  br.edu.up.gestaoresiduos.controllers.PontoColetaController - Ponto de coleta adicionado: Aquela mesma
2024-06-26 19:29:04.044 [main] INFO  br.edu.up.gestaoresiduos.util.Util - Número inteiro comprovado!
2024-06-26 19:29:11.746 [main] INFO  br.edu.up.gestaoresiduos.util.Util - Número inteiro comprovado!
2024-06-26 19:29:25.062 [main] INFO  br.edu.up.gestaoresiduos.util.Util - Número inteiro comprovado!
2024-06-26 19:29:31.215 [main] INFO  br.edu.up.gestaoresiduos.util.Util - Número inteiro comprovado!
2024-06-26 19:29:33.918 [main] INFO  br.edu.up.gestaoresiduos.util.Util - Número inteiro comprovado!
2024-06-26 19:29:33.919 [main] INFO  br.edu.up.Main - Salvando dados do sistema...
2024-06-26 20:09:57.231 [main] INFO  br.edu.up.gestaoresiduos.util.Util - Número inteiro comprovado!
2024-06-26 20:09:59.054 [main] INFO  br.edu.up.gestaoresiduos.util.Util - Número inteiro comprovado!
2024-06-26 20:10:00.902 [main] INFO  br.edu.up.gestaoresiduos.controllers.PontoColetaController - Ponto de coleta adicionado: aquele
2024-06-26 20:10:06.695 [main] INFO  br.edu.up.gestaoresiduos.util.Util - Número inteiro comprovado!
2024-06-26 20:10:26.934 [main] INFO  br.edu.up.gestaoresiduos.util.Util - Número inteiro comprovado!
2024-06-26 20:10:35.479 [main] INFO  br.edu.up.gestaoresiduos.util.Util - Número inteiro comprovado!
2024-06-26 20:10:43.161 [main] INFO  br.edu.up.gestaoresiduos.util.Util - Número inteiro comprovado!
2024-06-26 20:10:51.831 [main] INFO  br.edu.up.gestaoresiduos.util.Util - Número inteiro comprovado!
2024-06-26 20:11:00.889 [main] INFO  br.edu.up.gestaoresiduos.util.Util - Número inteiro comprovado!
2024-06-26 20:11:06.061 [main] INFO  br.edu.up.gestaoresiduos.util.Util - Número inteiro comprovado!
2024-06-26 20:11:21.807 [main] INFO  br.edu.up.gestaoresiduos.util.Util - Número inteiro comprovado!
2024-06-26 20:11:33.376 [main] INFO  br.edu.up.gestaoresiduos.util.Util - Número inteiro comprovado!
2024-06-26 20:11:35.864 [main] INFO  br.edu.up.gestaoresiduos.util.Util - Número inteiro comprovado!
2024-06-26 20:11:35.864 [main] ERROR br.edu.up.gestaoresiduos.util.Util - Leitura não está dentro do escopo esperado
2024-06-26 20:11:38.500 [main] INFO  br.edu.up.gestaoresiduos.util.Util - Número inteiro comprovado!
2024-06-26 20:11:38.501 [main] INFO  br.edu.up.Main - Salvando dados do sistema...
2024-06-26 20:14:57.242 [main] INFO  br.edu.up.gestaoresiduos.util.Util - Número inteiro comprovado!
2024-06-26 20:14:58.724 [main] INFO  br.edu.up.gestaoresiduos.util.Util - Número inteiro comprovado!
2024-06-26 20:14:59.518 [main] INFO  br.edu.up.gestaoresiduos.controllers.PontoColetaController - Ponto de coleta adicionado: as
2024-06-26 20:15:00.741 [main] INFO  br.edu.up.gestaoresiduos.util.Util - Número inteiro comprovado!
2024-06-26 20:15:01.946 [main] INFO  br.edu.up.gestaoresiduos.controllers.PontoColetaController - Ponto de coleta adicionado: rea
2024-06-26 20:15:05.437 [main] ERROR br.edu.up.gestaoresiduos.util.Util - ds infelizmente, não é um número inteiro
java.lang.NumberFormatException: For input string: "ds"
	at java.base/java.lang.NumberFormatException.forInputString(NumberFormatException.java:67) ~[?:?]
	at java.base/java.lang.Integer.parseInt(Integer.java:665) ~[?:?]
	at java.base/java.lang.Integer.parseInt(Integer.java:781) ~[?:?]
	at br.edu.up.gestaoresiduos.util.Util.lerInteiro(Util.java:16) [classes/:?]
	at br.edu.up.gestaoresiduos.view.Execucao.executar(Execucao.java:14) [classes/:?]
	at br.edu.up.gestaoresiduos.view.Execucao.executar(Execucao.java:17) [classes/:?]
	at br.edu.up.gestaoresiduos.view.Execucao.executar(Execucao.java:17) [classes/:?]
	at br.edu.up.Main.exibirMenu(Main.java:37) [classes/:?]
	at br.edu.up.Main.main(Main.java:21) [classes/:?]
2024-06-26 20:15:07.913 [main] INFO  br.edu.up.gestaoresiduos.util.Util - Número inteiro comprovado!
2024-06-26 20:15:07.914 [main] INFO  br.edu.up.Main - Salvando dados do sistema...
2024-06-26 20:18:33.032 [main] INFO  br.edu.up.gestaoresiduos.util.Util - Número inteiro comprovado!
2024-06-26 20:18:35.192 [main] INFO  br.edu.up.gestaoresiduos.util.Util - Número inteiro comprovado!
2024-06-26 20:18:39.303 [main] INFO  br.edu.up.gestaoresiduos.controllers.PontoColetaController - Ponto de coleta adicionado: 1s35e1
2024-06-26 20:18:49.822 [main] INFO  br.edu.up.gestaoresiduos.util.Util - Número inteiro comprovado!
2024-06-26 20:23:13.862 [main] INFO  br.edu.up.gestaoresiduos.util.Util - Número inteiro comprovado!
2024-06-26 20:23:15.979 [main] INFO  br.edu.up.gestaoresiduos.util.Util - Número inteiro comprovado!
2024-06-26 20:23:16.704 [main] INFO  br.edu.up.gestaoresiduos.controllers.PontoColetaController - Ponto de coleta adicionado: asda
2024-06-26 20:23:19.932 [main] INFO  br.edu.up.gestaoresiduos.util.Util - Número inteiro comprovado!
