2025-08-28 10:48:16.345 [main] INFO  br.edu.up.gestaoresiduos.util.Util - Número inteiro comprovado!
2025-08-28 10:51:32.197 [main] INFO  br.edu.up.gestaoresiduos.util.Util - Número inteiro comprovado!
2025-08-28 10:51:34.676 [main] INFO  br.edu.up.gestaoresiduos.util.Util - Número inteiro comprovado!
2025-08-28 10:51:35.719 [main] INFO  br.edu.up.gestaoresiduos.controllers.PontoColetaController - Ponto de coleta adicionado: defds
2025-08-28 10:51:39.125 [main] ERROR br.edu.up.gestaoresiduos.util.Util - 0, infelizmente, não é um número inteiro
java.lang.NumberFormatException: For input string: "0,"
	at java.base/java.lang.NumberFormatException.forInputString(NumberFormatException.java:67) ~[?:?]
	at java.base/java.lang.Integer.parseInt(Integer.java:588) ~[?:?]
	at java.base/java.lang.Integer.parseInt(Integer.java:685) ~[?:?]
	at br.edu.up.gestaoresiduos.util.Util.lerInteiro(Util.java:16) [classes/:?]
	at br.edu.up.gestaoresiduos.view.Execucao.executar(Execucao.java:13) [classes/:?]
	at br.edu.up.gestaoresiduos.view.Execucao.executar(Execucao.java:16) [classes/:?]
	at br.edu.up.Main.exibirMenu(Main.java:37) [classes/:?]
	at br.edu.up.Main.main(Main.java:21) [classes/:?]
2025-08-28 10:51:42.003 [main] INFO  br.edu.up.gestaoresiduos.util.Util - Número inteiro comprovado!
2025-08-28 10:51:42.003 [main] INFO  br.edu.up.Main - Salvando dados do sistema...
2025-08-28 10:54:23.496 [main] INFO  br.edu.up.gestaoresiduos.util.Util - Número inteiro comprovado!
2025-08-28 10:54:25.203 [main] INFO  br.edu.up.gestaoresiduos.util.Util - Número inteiro comprovado!
2025-08-28 10:54:26.203 [main] INFO  br.edu.up.gestaoresiduos.util.Util - Número inteiro comprovado!
2025-08-28 10:54:26.204 [main] INFO  br.edu.up.Main - Salvando dados do sistema...
2025-08-28 11:12:25.586 [main] INFO  br.edu.up.gestaoresiduos.util.Util - Número inteiro comprovado!
2025-08-28 11:12:32.702 [main] INFO  br.edu.up.gestaoresiduos.util.Util - Número inteiro comprovado!
2025-08-28 11:24:21.896 [main] INFO  br.edu.up.gestaoresiduos.util.Util - Número inteiro comprovado!
2025-08-28 11:24:23.920 [main] INFO  br.edu.up.gestaoresiduos.util.Util - Número inteiro comprovado!
2025-08-28 11:24:23.930 [main] ERROR br.edu.up.gestaoresiduos.controllers.PontoColetaController - Nenhum ponto de coleta registrado ainda
2025-08-28 11:24:36.281 [main] INFO  br.edu.up.gestaoresiduos.util.Util - Número inteiro comprovado!
2025-08-28 11:24:36.281 [main] ERROR br.edu.up.gestaoresiduos.controllers.PontoColetaController - Nenhum ponto de coleta registrado ainda
2025-08-28 11:24:39.980 [main] INFO  br.edu.up.gestaoresiduos.util.Util - Número inteiro comprovado!
2025-08-28 11:24:39.980 [main] ERROR br.edu.up.gestaoresiduos.controllers.PontoColetaController - Nenhum ponto de coleta registrado ainda
2025-08-28 11:24:43.351 [main] INFO  br.edu.up.gestaoresiduos.util.Util - Número inteiro comprovado!
2025-08-28 11:24:43.352 [main] ERROR br.edu.up.gestaoresiduos.controllers.PontoColetaController - Nenhum ponto de coleta registrado ainda
2025-08-28 11:24:44.900 [main] INFO  br.edu.up.gestaoresiduos.util.Util - Número inteiro comprovado!
2025-08-28 11:24:44.900 [main] ERROR br.edu.up.gestaoresiduos.controllers.PontoColetaController - Nenhum ponto de coleta registrado ainda
2025-08-28 11:24:47.240 [main] INFO  br.edu.up.gestaoresiduos.util.Util - Número inteiro comprovado!
2025-08-28 11:24:53.999 [main] INFO  br.edu.up.gestaoresiduos.controllers.PontoColetaController - Ponto de coleta adicionado: Ponto 1
2025-08-28 11:24:58.381 [main] INFO  br.edu.up.gestaoresiduos.util.Util - Número inteiro comprovado!
2025-08-28 11:25:06.381 [main] INFO  br.edu.up.gestaoresiduos.util.Util - Número inteiro comprovado!
2025-08-28 11:25:35.210 [main] INFO  br.edu.up.gestaoresiduos.util.Util - Número inteiro comprovado!
2025-08-28 11:25:55.270 [main] INFO  br.edu.up.gestaoresiduos.util.Util - Número inteiro comprovado!
2025-08-28 11:27:47.082 [main] INFO  br.edu.up.gestaoresiduos.util.Util - Número inteiro comprovado!
2025-08-28 11:27:49.030 [main] INFO  br.edu.up.gestaoresiduos.controllers.PontoColetaController - Ponto de coleta adicionado: ponto 3
2025-08-28 11:27:50.871 [main] INFO  br.edu.up.gestaoresiduos.util.Util - Número inteiro comprovado!
2025-08-28 11:27:53.693 [main] INFO  br.edu.up.gestaoresiduos.controllers.PontoColetaController - Ponto de coleta adicionado: ponto s
2025-08-28 11:27:55.352 [main] INFO  br.edu.up.gestaoresiduos.util.Util - Número inteiro comprovado!
2025-08-28 11:34:02.845 [main] INFO  br.edu.up.gestaoresiduos.util.Util - Número inteiro comprovado!
2025-08-28 11:34:19.180 [main] INFO  br.edu.up.gestaoresiduos.util.Util - Número inteiro comprovado!
2025-08-28 11:34:19.181 [main] ERROR br.edu.up.gestaoresiduos.controllers.PontoColetaController - Nenhum ponto de coleta registrado ainda
2025-08-28 11:34:27.430 [main] INFO  br.edu.up.gestaoresiduos.util.Util - Número inteiro comprovado!
2025-08-28 11:34:29.113 [main] INFO  br.edu.up.gestaoresiduos.controllers.PontoColetaController - Ponto de coleta adicionado: laal
2025-08-28 11:34:32.940 [main] INFO  br.edu.up.gestaoresiduos.util.Util - Número inteiro comprovado!
2025-08-28 11:35:19.271 [main] INFO  br.edu.up.gestaoresiduos.util.Util - Número inteiro comprovado!
2025-08-28 11:35:20.969 [main] INFO  br.edu.up.gestaoresiduos.controllers.PontoColetaController - Ponto de coleta adicionado: lool
2025-08-28 11:35:22.280 [main] INFO  br.edu.up.gestaoresiduos.util.Util - Número inteiro comprovado!
2025-08-28 11:35:57.720 [main] INFO  br.edu.up.gestaoresiduos.util.Util - Número inteiro comprovado!
2025-08-28 12:34:08.496 [main] INFO  br.edu.up.gestaoresiduos.util.Util - Número inteiro comprovado!
2025-08-28 12:34:09.953 [main] INFO  br.edu.up.gestaoresiduos.util.Util - Número inteiro comprovado!
2025-08-28 12:34:12.307 [main] INFO  br.edu.up.gestaoresiduos.controllers.PontoColetaController - Ponto de coleta adicionado: leel
2025-08-28 12:34:13.524 [main] INFO  br.edu.up.gestaoresiduos.util.Util - Número inteiro comprovado!
2025-08-28 12:34:15.634 [main] INFO  br.edu.up.gestaoresiduos.controllers.PontoColetaController - Ponto de coleta adicionado: lela
2025-08-28 12:34:17.726 [main] INFO  br.edu.up.gestaoresiduos.util.Util - Número inteiro comprovado!
2025-08-28 12:38:14.607 [main] INFO  br.edu.up.gestaoresiduos.util.Util - Número inteiro comprovado!
2025-08-28 12:38:16.913 [main] INFO  br.edu.up.gestaoresiduos.util.Util - Número inteiro comprovado!
2025-08-28 12:38:18.028 [main] INFO  br.edu.up.gestaoresiduos.controllers.PontoColetaController - Ponto de coleta adicionado: e
2025-08-28 12:38:20.154 [main] INFO  br.edu.up.gestaoresiduos.util.Util - Número inteiro comprovado!
2025-08-28 12:38:21.125 [main] INFO  br.edu.up.gestaoresiduos.controllers.PontoColetaController - Ponto de coleta adicionado: as
2025-08-28 12:38:22.873 [main] INFO  br.edu.up.gestaoresiduos.util.Util - Número inteiro comprovado!
2025-08-28 12:38:31.263 [main] INFO  br.edu.up.gestaoresiduos.util.Util - Número inteiro comprovado!
2025-08-28 12:40:14.547 [main] INFO  br.edu.up.gestaoresiduos.util.Util - Número inteiro comprovado!
2025-08-28 12:40:15.353 [main] INFO  br.edu.up.gestaoresiduos.util.Util - Número inteiro comprovado!
2025-08-28 12:40:16.198 [main] INFO  br.edu.up.gestaoresiduos.controllers.PontoColetaController - Ponto de coleta adicionado: dsad
2025-08-28 12:40:18.093 [main] INFO  br.edu.up.gestaoresiduos.util.Util - Número inteiro comprovado!
2025-08-28 12:40:19.323 [main] INFO  br.edu.up.gestaoresiduos.controllers.PontoColetaController - Ponto de coleta adicionado: rer
2025-08-28 12:40:21.333 [main] INFO  br.edu.up.gestaoresiduos.util.Util - Número inteiro comprovado!
2025-08-28 12:41:04.097 [main] INFO  br.edu.up.gestaoresiduos.util.Util - Número inteiro comprovado!
2025-08-28 12:41:05.313 [main] INFO  br.edu.up.gestaoresiduos.util.Util - Número inteiro comprovado!
2025-08-28 12:41:06.218 [main] INFO  br.edu.up.gestaoresiduos.controllers.PontoColetaController - Ponto de coleta adicionado: dsad
2025-08-28 12:41:07.442 [main] INFO  br.edu.up.gestaoresiduos.util.Util - Número inteiro comprovado!
2025-08-28 12:41:08.373 [main] INFO  br.edu.up.gestaoresiduos.controllers.PontoColetaController - Ponto de coleta adicionado: tret
2025-08-28 12:41:09.293 [main] INFO  br.edu.up.gestaoresiduos.util.Util - Número inteiro comprovado!
2025-08-28 12:42:00.063 [main] INFO  br.edu.up.gestaoresiduos.util.Util - Número inteiro comprovado!
2025-08-28 12:42:15.404 [main] ERROR br.edu.up.gestaoresiduos.controllers.PontoColetaController - Material não identificado!
2025-08-28 12:42:20.233 [main] INFO  br.edu.up.gestaoresiduos.util.Util - Número inteiro comprovado!
2025-08-28 12:42:24.483 [main] INFO  br.edu.up.gestaoresiduos.util.Util - Número inteiro comprovado!
2025-08-28 12:42:33.034 [main] INFO  br.edu.up.gestaoresiduos.util.Util - Número inteiro comprovado!
2025-08-28 12:42:37.823 [main] INFO  br.edu.up.gestaoresiduos.util.Util - Número inteiro comprovado!
2025-08-28 12:43:52.783 [main] ERROR br.edu.up.gestaoresiduos.controllers.PontoColetaController - Material não identificado!
2025-08-28 12:43:54.163 [main] ERROR br.edu.up.gestaoresiduos.util.Util -  infelizmente, não é um número inteiro
java.lang.NumberFormatException: For input string: ""
	at java.base/java.lang.NumberFormatException.forInputString(NumberFormatException.java:67) ~[?:?]
	at java.base/java.lang.Integer.parseInt(Integer.java:565) ~[?:?]
	at java.base/java.lang.Integer.parseInt(Integer.java:685) ~[?:?]
	at br.edu.up.gestaoresiduos.util.Util.lerInteiro(Util.java:16) [classes/:?]
	at br.edu.up.gestaoresiduos.view.Execucao.executar(Execucao.java:13) [classes/:?]
	at br.edu.up.gestaoresiduos.view.Execucao.executar(Execucao.java:16) [classes/:?]
	at br.edu.up.gestaoresiduos.view.Execucao.executar(Execucao.java:16) [classes/:?]
	at br.edu.up.gestaoresiduos.view.Execucao.executar(Execucao.java:16) [classes/:?]
	at br.edu.up.gestaoresiduos.view.Execucao.executar(Execucao.java:16) [classes/:?]
	at br.edu.up.gestaoresiduos.view.Execucao.executar(Execucao.java:16) [classes/:?]
	at br.edu.up.gestaoresiduos.view.Execucao.executar(Execucao.java:16) [classes/:?]
	at br.edu.up.gestaoresiduos.view.Execucao.executar(Execucao.java:16) [classes/:?]
	at br.edu.up.gestaoresiduos.view.Execucao.executar(Execucao.java:16) [classes/:?]
	at br.edu.up.Main.exibirMenu(Main.java:37) [classes/:?]
	at br.edu.up.Main.main(Main.java:21) [classes/:?]
2025-08-28 12:43:57.063 [main] INFO  br.edu.up.gestaoresiduos.util.Util - Número inteiro comprovado!
2025-08-28 12:43:57.882 [main] INFO  br.edu.up.gestaoresiduos.util.Util - Número inteiro comprovado!
2025-08-28 12:46:19.923 [main] INFO  br.edu.up.gestaoresiduos.util.Util - Número inteiro comprovado!
2025-08-28 12:46:25.453 [main] INFO  br.edu.up.gestaoresiduos.util.Util - Número inteiro comprovado!
2025-08-28 12:46:31.333 [main] ERROR br.edu.up.gestaoresiduos.controllers.PontoColetaController - Material não identificado!
2025-08-28 12:47:30.587 [main] INFO  br.edu.up.gestaoresiduos.util.Util - Número inteiro comprovado!
2025-08-28 12:47:40.223 [main] INFO  br.edu.up.gestaoresiduos.util.Util - Número inteiro comprovado!
2025-08-28 12:47:41.814 [main] INFO  br.edu.up.gestaoresiduos.controllers.PontoColetaController - Ponto de coleta adicionado: LEEL
2025-08-28 12:47:47.233 [main] INFO  br.edu.up.gestaoresiduos.util.Util - Número inteiro comprovado!
2025-08-28 12:47:59.014 [main] INFO  br.edu.up.gestaoresiduos.util.Util - Número inteiro comprovado!
2025-08-28 12:48:40.913 [main] INFO  br.edu.up.gestaoresiduos.util.Util - Número inteiro comprovado!
2025-08-28 12:48:58.742 [main] INFO  br.edu.up.gestaoresiduos.util.Util - Número inteiro comprovado!
2025-08-28 12:50:43.687 [main] INFO  br.edu.up.gestaoresiduos.util.Util - Número inteiro comprovado!
2025-08-28 12:50:45.442 [main] INFO  br.edu.up.gestaoresiduos.util.Util - Número inteiro comprovado!
2025-08-28 12:50:49.604 [main] INFO  br.edu.up.gestaoresiduos.controllers.PontoColetaController - Ponto de coleta adicionado: rEo
2025-08-28 12:50:52.043 [main] INFO  br.edu.up.gestaoresiduos.util.Util - Número inteiro comprovado!
2025-08-28 12:51:00.042 [main] INFO  br.edu.up.gestaoresiduos.util.Util - Número inteiro comprovado!
2025-08-28 12:51:09.293 [main] INFO  br.edu.up.gestaoresiduos.util.Util - Número inteiro comprovado!
2025-08-28 12:51:12.444 [main] INFO  br.edu.up.gestaoresiduos.util.Util - Número inteiro comprovado!
2025-08-28 12:51:16.593 [main] INFO  br.edu.up.gestaoresiduos.util.Util - Número inteiro comprovado!
2025-08-28 12:52:53.475 [main] INFO  br.edu.up.gestaoresiduos.util.Util - Número inteiro comprovado!
2025-08-28 12:52:55.074 [main] INFO  br.edu.up.gestaoresiduos.util.Util - Número inteiro comprovado!
2025-08-28 12:52:57.395 [main] INFO  br.edu.up.gestaoresiduos.controllers.PontoColetaController - Ponto de coleta adicionado: EOKds
2025-08-28 12:52:59.814 [main] INFO  br.edu.up.gestaoresiduos.util.Util - Número inteiro comprovado!
2025-08-28 12:53:03.163 [main] INFO  br.edu.up.gestaoresiduos.util.Util - Número inteiro comprovado!
2025-08-28 12:53:05.233 [main] ERROR br.edu.up.gestaoresiduos.controllers.PontoColetaController - Ponto de coleta já existe!
2025-08-28 12:53:08.794 [main] INFO  br.edu.up.gestaoresiduos.util.Util - Número inteiro comprovado!
2025-08-28 12:53:15.063 [main] INFO  br.edu.up.gestaoresiduos.util.Util - Número inteiro comprovado!
2025-08-28 12:53:17.294 [main] INFO  br.edu.up.gestaoresiduos.util.Util - Número inteiro comprovado!
2025-08-28 12:53:17.294 [main] INFO  br.edu.up.Main - Salvando dados do sistema...
