2024-06-26 10:54:19.363 [main] DEBUG br.edu.up.Main - ababa
2024-06-26 10:54:37.452 [main] INFO  br.edu.up.gestaoresiduos.util.Util - Número inteiro comprovado!
2024-06-26 10:56:29.349 [main] DEBUG br.edu.up.Main - ababa
2024-06-26 10:56:31.560 [main] INFO  br.edu.up.gestaoresiduos.util.Util - Número inteiro comprovado!
2024-06-26 10:57:03.033 [main] DEBUG br.edu.up.Main - ababa
2024-06-26 10:57:04.911 [main] INFO  br.edu.up.gestaoresiduos.util.Util - Número inteiro comprovado!
2024-06-26 10:58:13.563 [main] DEBUG br.edu.up.Main - ababa
2024-06-26 10:58:15.431 [main] INFO  br.edu.up.gestaoresiduos.util.Util - Número inteiro comprovado!
2024-06-26 10:58:51.946 [main] DEBUG br.edu.up.Main - ababa
2024-06-26 10:58:53.460 [main] INFO  br.edu.up.gestaoresiduos.util.Util - Número inteiro comprovado!
2024-06-26 10:59:23.801 [main] DEBUG br.edu.up.Main - ababa
2024-06-26 10:59:28.740 [main] INFO  br.edu.up.gestaoresiduos.util.Util - Número inteiro comprovado!
2024-06-26 10:59:55.530 [main] DEBUG br.edu.up.Main - ababa
2024-06-26 11:00:09.550 [main] INFO  br.edu.up.gestaoresiduos.util.Util - Número inteiro comprovado!
2024-06-26 11:00:28.576 [main] DEBUG br.edu.up.Main - ababa
2024-06-26 11:00:30.960 [main] INFO  br.edu.up.gestaoresiduos.util.Util - Número inteiro comprovado!
2024-06-26 11:36:40.214 [main] INFO  br.edu.up.gestaoresiduos.util.Util - Número inteiro comprovado!
2024-06-26 11:36:40.217 [main] INFO  br.edu.up.gestaoresiduos.util.Util - Número inteiro inválido
2024-06-26 11:36:49.359 [main] ERROR br.edu.up.gestaoresiduos.util.Util - Erro na leitura do número!
java.util.InputMismatchException: null
	at java.base/java.util.Scanner.throwFor(Scanner.java:964) ~[?:?]
	at java.base/java.util.Scanner.next(Scanner.java:1619) ~[?:?]
	at java.base/java.util.Scanner.nextInt(Scanner.java:2284) ~[?:?]
	at java.base/java.util.Scanner.nextInt(Scanner.java:2238) ~[?:?]
	at br.edu.up.gestaoresiduos.util.Util.lerInteiro(Util.java:15) [classes/:?]
	at br.edu.up.Main.main(Main.java:22) [classes/:?]
2024-06-26 11:36:57.480 [main] INFO  br.edu.up.gestaoresiduos.util.Util - Número inteiro comprovado!
2024-06-26 11:37:01.129 [main] INFO  br.edu.up.gestaoresiduos.util.Util - Número inteiro comprovado!
2024-06-26 11:37:05.690 [main] INFO  br.edu.up.gestaoresiduos.util.Util - Número inteiro comprovado!
2024-06-26 11:42:01.893 [main] INFO  br.edu.up.gestaoresiduos.util.Util - Número inteiro comprovado!
2024-06-26 11:42:01.897 [main] INFO  br.edu.up.gestaoresiduos.util.Util - Leitura não está dentro do escopo esperado
2024-06-26 11:42:08.779 [main] ERROR br.edu.up.gestaoresiduos.util.Util - Erro na leitura do número!
java.util.InputMismatchException: null
	at java.base/java.util.Scanner.throwFor(Scanner.java:964) ~[?:?]
	at java.base/java.util.Scanner.next(Scanner.java:1619) ~[?:?]
	at java.base/java.util.Scanner.nextInt(Scanner.java:2284) ~[?:?]
	at java.base/java.util.Scanner.nextInt(Scanner.java:2238) ~[?:?]
	at br.edu.up.gestaoresiduos.util.Util.lerInteiro(Util.java:15) [classes/:?]
	at br.edu.up.Main.main(Main.java:22) [classes/:?]
2024-06-26 11:42:08.791 [main] INFO  br.edu.up.gestaoresiduos.util.Util - Leitura não está dentro do escopo esperado
2024-06-26 11:42:40.901 [main] INFO  br.edu.up.gestaoresiduos.util.Util - Número inteiro comprovado!
2024-06-26 11:42:45.519 [main] INFO  br.edu.up.gestaoresiduos.util.Util - Número inteiro comprovado!
2024-06-26 11:42:47.699 [main] INFO  br.edu.up.gestaoresiduos.util.Util - Número inteiro comprovado!
2024-06-26 11:42:50.290 [main] INFO  br.edu.up.gestaoresiduos.util.Util - Número inteiro comprovado!
2024-06-26 11:42:50.290 [main] INFO  br.edu.up.gestaoresiduos.util.Util - Leitura não está dentro do escopo esperado
2024-06-26 11:43:54.469 [main] INFO  br.edu.up.gestaoresiduos.util.Util - Número inteiro comprovado!
2024-06-26 11:43:54.469 [main] INFO  br.edu.up.gestaoresiduos.util.Util - Leitura não está dentro do escopo esperado
2024-06-26 11:45:10.402 [main] INFO  br.edu.up.gestaoresiduos.util.Util - Número inteiro comprovado!
2024-06-26 11:55:46.972 [main] INFO  br.edu.up.gestaoresiduos.util.Util - Número inteiro comprovado!
2024-06-26 11:55:46.976 [main] ERROR br.edu.up.gestaoresiduos.util.Util - Leitura não está dentro do escopo esperado
2024-06-26 11:57:31.261 [main] INFO  br.edu.up.gestaoresiduos.util.Util - Número inteiro comprovado!
2024-06-26 11:57:31.266 [main] ERROR br.edu.up.gestaoresiduos.util.Util - Leitura não está dentro do escopo esperado
2024-06-26 11:57:34.630 [main] INFO  br.edu.up.gestaoresiduos.util.Util - Número inteiro comprovado!
2024-06-26 11:57:38.609 [main] INFO  br.edu.up.gestaoresiduos.util.Util - Número inteiro comprovado!
2024-06-26 11:57:38.609 [main] ERROR br.edu.up.gestaoresiduos.util.Util - Leitura não está dentro do escopo esperado
2024-06-26 12:00:46.454 [main] ERROR br.edu.up.gestaoresiduos.util.Util - Jorge infelizmente, não é um número inteiro
java.lang.NumberFormatException: For input string: "Jorge"
	at java.base/java.lang.NumberFormatException.forInputString(NumberFormatException.java:67) ~[?:?]
	at java.base/java.lang.Integer.parseInt(Integer.java:588) ~[?:?]
	at java.base/java.lang.Integer.parseInt(Integer.java:685) ~[?:?]
	at br.edu.up.gestaoresiduos.util.Util.lerInteiro(Util.java:16) [classes/:?]
	at br.edu.up.Main.main(Main.java:22) [classes/:?]
2024-06-26 12:00:46.468 [main] ERROR br.edu.up.gestaoresiduos.util.Util - Leitura não está dentro do escopo esperado
2024-06-26 13:57:58.187 [main] ERROR br.edu.up.gestaoresiduos.util.Util - Jorge bem Jorge infelizmente, não é um número inteiro
java.lang.NumberFormatException: For input string: "Jorge bem Jorge"
	at java.base/java.lang.NumberFormatException.forInputString(NumberFormatException.java:67) ~[?:?]
	at java.base/java.lang.Integer.parseInt(Integer.java:588) ~[?:?]
	at java.base/java.lang.Integer.parseInt(Integer.java:685) ~[?:?]
	at br.edu.up.gestaoresiduos.util.Util.lerInteiro(Util.java:16) [classes/:?]
	at br.edu.up.Main.main(Main.java:22) [classes/:?]
2024-06-26 13:58:06.309 [main] ERROR br.edu.up.gestaoresiduos.util.Util - Leitura não está dentro do escopo esperado
2024-06-26 13:58:29.055 [main] ERROR br.edu.up.gestaoresiduos.util.Util - Jorge bem Jorges infelizmente, não é um número inteiro
java.lang.NumberFormatException: For input string: "Jorge bem Jorges"
	at java.base/java.lang.NumberFormatException.forInputString(NumberFormatException.java:67) ~[?:?]
	at java.base/java.lang.Integer.parseInt(Integer.java:588) ~[?:?]
	at java.base/java.lang.Integer.parseInt(Integer.java:685) ~[?:?]
	at br.edu.up.gestaoresiduos.util.Util.lerInteiro(Util.java:16) [classes/:?]
	at br.edu.up.Main.main(Main.java:22) [classes/:?]
2024-06-26 13:58:29.070 [main] ERROR br.edu.up.gestaoresiduos.util.Util - Leitura não está dentro do escopo esperado
2024-06-26 14:11:35.207 [main] INFO  br.edu.up.gestaoresiduos.util.Util - Número inteiro comprovado!
2024-06-26 14:11:35.210 [main] ERROR br.edu.up.gestaoresiduos.util.Util - Leitura não está dentro do escopo esperado
2024-06-26 14:11:38.391 [main] ERROR br.edu.up.gestaoresiduos.util.Util - das infelizmente, não é um número inteiro
java.lang.NumberFormatException: For input string: "das"
	at java.base/java.lang.NumberFormatException.forInputString(NumberFormatException.java:67) ~[?:?]
	at java.base/java.lang.Integer.parseInt(Integer.java:588) ~[?:?]
	at java.base/java.lang.Integer.parseInt(Integer.java:685) ~[?:?]
	at br.edu.up.gestaoresiduos.util.Util.lerInteiro(Util.java:16) [classes/:?]
	at br.edu.up.Main.main(Main.java:22) [classes/:?]
2024-06-26 14:11:38.405 [main] ERROR br.edu.up.gestaoresiduos.util.Util - Leitura não está dentro do escopo esperado
2024-06-26 14:11:47.561 [main] INFO  br.edu.up.gestaoresiduos.util.Util - Número inteiro comprovado!
2024-06-26 15:00:15.353 [main] INFO  br.edu.up.gestaoresiduos.util.Util - Número inteiro comprovado!
2024-06-26 15:00:17.410 [main] INFO  br.edu.up.gestaoresiduos.util.Util - Número inteiro comprovado!
2024-06-26 15:00:51.669 [main] INFO  br.edu.up.gestaoresiduos.util.Util - Número inteiro comprovado!
2024-06-26 15:00:52.539 [main] INFO  br.edu.up.gestaoresiduos.util.Util - Número inteiro comprovado!
2024-06-26 15:08:44.823 [main] INFO  br.edu.up.gestaoresiduos.util.Util - Número inteiro comprovado!
2024-06-26 15:09:21.624 [main] INFO  br.edu.up.gestaoresiduos.util.Util - Número inteiro comprovado!
2024-06-26 15:09:29.772 [main] INFO  br.edu.up.gestaoresiduos.util.Util - Número inteiro comprovado!
2024-06-26 15:09:31.219 [main] INFO  br.edu.up.gestaoresiduos.util.Util - Número inteiro comprovado!
2024-06-26 15:09:32.739 [main] INFO  br.edu.up.gestaoresiduos.util.Util - Número inteiro comprovado!
2024-06-26 15:29:15.152 [main] INFO  br.edu.up.gestaoresiduos.util.Util - Número inteiro comprovado!
2024-06-26 15:29:17.118 [main] INFO  br.edu.up.gestaoresiduos.util.Util - Número inteiro comprovado!
2024-06-26 15:29:18.828 [main] INFO  br.edu.up.gestaoresiduos.util.Util - Número inteiro comprovado!
2024-06-26 15:29:20.849 [main] INFO  br.edu.up.gestaoresiduos.util.Util - Número inteiro comprovado!
2024-06-26 15:29:27.600 [main] INFO  br.edu.up.gestaoresiduos.util.Util - Número inteiro comprovado!
2024-06-26 15:29:29.238 [main] INFO  br.edu.up.gestaoresiduos.util.Util - Número inteiro comprovado!
2024-06-26 15:35:09.132 [main] INFO  br.edu.up.gestaoresiduos.util.Util - Número inteiro comprovado!
2024-06-26 15:35:10.750 [main] INFO  br.edu.up.gestaoresiduos.util.Util - Número inteiro comprovado!
2024-06-26 15:35:39.272 [main] INFO  br.edu.up.gestaoresiduos.util.Util - Número inteiro comprovado!
2024-06-26 15:35:40.078 [main] INFO  br.edu.up.gestaoresiduos.util.Util - Número inteiro comprovado!
2024-06-26 15:35:44.769 [main] INFO  br.edu.up.gestaoresiduos.util.Util - Número inteiro comprovado!
2024-06-26 15:35:46.008 [main] INFO  br.edu.up.gestaoresiduos.util.Util - Número inteiro comprovado!
2024-06-26 15:38:12.193 [main] INFO  br.edu.up.gestaoresiduos.util.Util - Número inteiro comprovado!
2024-06-26 15:38:14.708 [main] INFO  br.edu.up.gestaoresiduos.util.Util - Número inteiro comprovado!
2024-06-26 15:38:18.072 [main] INFO  br.edu.up.gestaoresiduos.util.Util - Número inteiro comprovado!
2024-06-26 15:38:19.068 [main] INFO  br.edu.up.gestaoresiduos.util.Util - Número inteiro comprovado!
2024-06-26 15:38:23.538 [main] INFO  br.edu.up.gestaoresiduos.util.Util - Número inteiro comprovado!
2024-06-26 15:38:24.969 [main] INFO  br.edu.up.gestaoresiduos.util.Util - Número inteiro comprovado!
2024-06-26 15:52:25.722 [main] INFO  br.edu.up.gestaoresiduos.util.Util - Número inteiro comprovado!
2024-06-26 15:52:28.863 [main] INFO  br.edu.up.gestaoresiduos.util.Util - Número inteiro comprovado!
2024-06-26 15:52:30.718 [main] INFO  br.edu.up.gestaoresiduos.util.Util - Número inteiro comprovado!
2024-06-26 15:52:32.618 [main] INFO  br.edu.up.gestaoresiduos.util.Util - Número inteiro comprovado!
2024-06-26 15:52:37.586 [main] INFO  br.edu.up.gestaoresiduos.util.Util - Número inteiro comprovado!
2024-06-26 15:53:04.128 [main] INFO  br.edu.up.gestaoresiduos.util.Util - Número inteiro comprovado!
2024-06-26 15:53:07.218 [main] INFO  br.edu.up.gestaoresiduos.util.Util - Número inteiro comprovado!
2024-06-26 16:11:49.341 [main] INFO  br.edu.up.gestaoresiduos.util.Util - Número inteiro comprovado!
2024-06-26 16:11:51.708 [main] INFO  br.edu.up.gestaoresiduos.util.Util - Número inteiro comprovado!
2024-06-26 16:11:53.218 [main] INFO  br.edu.up.gestaoresiduos.util.Util - Número inteiro comprovado!
2024-06-26 16:11:54.350 [main] INFO  br.edu.up.gestaoresiduos.util.Util - Número inteiro comprovado!
2024-06-26 16:11:57.688 [main] INFO  br.edu.up.gestaoresiduos.util.Util - Número inteiro comprovado!
2024-06-26 16:11:58.580 [main] INFO  br.edu.up.gestaoresiduos.util.Util - Número inteiro comprovado!
2024-06-26 16:12:53.672 [main] INFO  br.edu.up.gestaoresiduos.util.Util - Número inteiro comprovado!
2024-06-26 16:12:58.800 [main] INFO  br.edu.up.gestaoresiduos.util.Util - Número inteiro comprovado!
2024-06-26 16:13:01.323 [main] INFO  br.edu.up.gestaoresiduos.util.Util - Número inteiro comprovado!
2024-06-26 16:13:02.418 [main] INFO  br.edu.up.gestaoresiduos.util.Util - Número inteiro comprovado!
2024-06-26 16:13:06.508 [main] INFO  br.edu.up.gestaoresiduos.util.Util - Número inteiro comprovado!
2024-06-26 16:13:07.787 [main] INFO  br.edu.up.gestaoresiduos.util.Util - Número inteiro comprovado!
2024-06-26 16:13:13.585 [main] INFO  br.edu.up.gestaoresiduos.util.Util - Número inteiro comprovado!
2024-06-26 16:13:15.347 [main] INFO  br.edu.up.gestaoresiduos.util.Util - Número inteiro comprovado!
2024-06-26 16:13:20.570 [main] INFO  br.edu.up.gestaoresiduos.util.Util - Número inteiro comprovado!
2024-06-26 16:13:22.998 [main] INFO  br.edu.up.gestaoresiduos.util.Util - Número inteiro comprovado!
2024-06-26 16:13:30.118 [main] INFO  br.edu.up.gestaoresiduos.util.Util - Número inteiro comprovado!
2024-06-26 16:13:31.879 [main] INFO  br.edu.up.gestaoresiduos.util.Util - Número inteiro comprovado!
2024-06-26 16:13:54.548 [main] INFO  br.edu.up.gestaoresiduos.util.Util - Número inteiro comprovado!
2024-06-26 16:13:55.521 [main] INFO  br.edu.up.gestaoresiduos.util.Util - Número inteiro comprovado!
2024-06-26 16:13:59.516 [main] INFO  br.edu.up.gestaoresiduos.util.Util - Número inteiro comprovado!
2024-06-26 16:14:00.255 [main] INFO  br.edu.up.gestaoresiduos.util.Util - Número inteiro comprovado!
2024-06-26 16:14:02.539 [main] INFO  br.edu.up.gestaoresiduos.util.Util - Número inteiro comprovado!
2024-06-26 16:14:03.707 [main] INFO  br.edu.up.gestaoresiduos.util.Util - Número inteiro comprovado!
2024-06-26 16:14:06.288 [main] INFO  br.edu.up.gestaoresiduos.util.Util - Número inteiro comprovado!
2024-06-26 16:14:06.677 [main] INFO  br.edu.up.gestaoresiduos.util.Util - Número inteiro comprovado!
2024-06-26 16:14:08.137 [main] INFO  br.edu.up.gestaoresiduos.util.Util - Número inteiro comprovado!
2024-06-26 16:14:09.367 [main] INFO  br.edu.up.gestaoresiduos.util.Util - Número inteiro comprovado!
2024-06-26 16:15:10.412 [main] INFO  br.edu.up.gestaoresiduos.util.Util - Número inteiro comprovado!
2024-06-26 16:15:11.767 [main] INFO  br.edu.up.gestaoresiduos.util.Util - Número inteiro comprovado!
2024-06-26 16:15:14.267 [main] INFO  br.edu.up.gestaoresiduos.util.Util - Número inteiro comprovado!
2024-06-26 16:15:14.709 [main] INFO  br.edu.up.gestaoresiduos.util.Util - Número inteiro comprovado!
2024-06-26 16:15:15.708 [main] INFO  br.edu.up.gestaoresiduos.util.Util - Número inteiro comprovado!
2024-06-26 16:15:16.677 [main] INFO  br.edu.up.gestaoresiduos.util.Util - Número inteiro comprovado!
2024-06-26 16:15:23.037 [main] INFO  br.edu.up.gestaoresiduos.util.Util - Número inteiro comprovado!
2024-06-26 16:15:23.967 [main] INFO  br.edu.up.gestaoresiduos.util.Util - Número inteiro comprovado!
2024-06-26 16:15:24.887 [main] INFO  br.edu.up.gestaoresiduos.util.Util - Número inteiro comprovado!
2024-06-26 16:15:26.518 [main] INFO  br.edu.up.gestaoresiduos.util.Util - Número inteiro comprovado!
2024-06-26 16:15:29.099 [main] INFO  br.edu.up.gestaoresiduos.util.Util - Número inteiro comprovado!
2024-06-26 16:15:30.138 [main] INFO  br.edu.up.gestaoresiduos.util.Util - Número inteiro comprovado!
2024-06-26 16:27:45.210 [main] INFO  br.edu.up.gestaoresiduos.util.Util - Número inteiro comprovado!
2024-06-26 16:27:46.947 [main] INFO  br.edu.up.gestaoresiduos.util.Util - Número inteiro comprovado!
2024-06-26 16:27:50.518 [main] INFO  br.edu.up.gestaoresiduos.util.Util - Número inteiro comprovado!
2024-06-26 16:27:51.893 [main] INFO  br.edu.up.gestaoresiduos.util.Util - Número inteiro comprovado!
2024-06-26 16:27:54.757 [main] INFO  br.edu.up.gestaoresiduos.util.Util - Número inteiro comprovado!
2024-06-26 16:27:55.257 [main] INFO  br.edu.up.gestaoresiduos.util.Util - Número inteiro comprovado!
2024-06-26 16:27:56.617 [main] INFO  br.edu.up.gestaoresiduos.util.Util - Número inteiro comprovado!
2024-06-26 16:27:57.458 [main] INFO  br.edu.up.gestaoresiduos.util.Util - Número inteiro comprovado!
2024-06-26 16:27:59.777 [main] INFO  br.edu.up.gestaoresiduos.util.Util - Número inteiro comprovado!
2024-06-26 16:28:00.328 [main] INFO  br.edu.up.gestaoresiduos.util.Util - Número inteiro comprovado!
2024-06-26 16:37:52.292 [main] INFO  br.edu.up.gestaoresiduos.util.Util - Número inteiro comprovado!
2024-06-26 16:37:53.628 [main] INFO  br.edu.up.gestaoresiduos.util.Util - Número inteiro comprovado!
2024-06-26 16:38:00.178 [main] INFO  br.edu.up.gestaoresiduos.util.Util - Número inteiro comprovado!
2024-06-26 16:38:00.737 [main] INFO  br.edu.up.gestaoresiduos.util.Util - Número inteiro comprovado!
2024-06-26 16:38:01.837 [main] INFO  br.edu.up.gestaoresiduos.util.Util - Número inteiro comprovado!
2024-06-26 16:38:01.837 [main] ERROR br.edu.up.gestaoresiduos.util.Util - Leitura não está dentro do escopo esperado
2024-06-26 16:38:03.508 [main] INFO  br.edu.up.gestaoresiduos.util.Util - Número inteiro comprovado!
2024-06-26 16:41:06.981 [main] INFO  br.edu.up.gestaoresiduos.util.Util - Número inteiro comprovado!
2024-06-26 16:41:08.299 [main] INFO  br.edu.up.gestaoresiduos.util.Util - Número inteiro comprovado!
2024-06-26 16:41:08.299 [main] ERROR br.edu.up.gestaoresiduos.util.Util - Leitura não está dentro do escopo esperado
2024-06-26 16:41:11.346 [main] INFO  br.edu.up.gestaoresiduos.util.Util - Número inteiro comprovado!
2024-06-26 16:41:13.812 [main] INFO  br.edu.up.gestaoresiduos.controllers.PontoColetaController - Ponto de coleta adicionado: alal
2024-06-26 16:41:20.503 [main] ERROR br.edu.up.gestaoresiduos.util.Util - dsf infelizmente, não é um número inteiro
java.lang.NumberFormatException: For input string: "dsf"
	at java.base/java.lang.NumberFormatException.forInputString(NumberFormatException.java:67) ~[?:?]
	at java.base/java.lang.Integer.parseInt(Integer.java:588) ~[?:?]
	at java.base/java.lang.Integer.parseInt(Integer.java:685) ~[?:?]
	at br.edu.up.gestaoresiduos.util.Util.lerInteiro(Util.java:16) [classes/:?]
	at br.edu.up.gestaoresiduos.view.Execucao.executar(Execucao.java:15) [classes/:?]
	at br.edu.up.gestaoresiduos.view.Execucao.executar(Execucao.java:18) [classes/:?]
	at br.edu.up.gestaoresiduos.view.Execucao.executar(Execucao.java:18) [classes/:?]
	at br.edu.up.Main.exibirMenu(Main.java:45) [classes/:?]
	at br.edu.up.Main.main(Main.java:31) [classes/:?]
2024-06-26 16:41:41.662 [main] INFO  br.edu.up.gestaoresiduos.util.Util - Número inteiro comprovado!
2024-06-26 16:41:43.147 [main] INFO  br.edu.up.gestaoresiduos.util.Util - Número inteiro comprovado!
2024-06-26 16:41:50.732 [main] INFO  br.edu.up.gestaoresiduos.util.Util - Número inteiro comprovado!
2024-06-26 16:41:52.048 [main] ERROR br.edu.up.gestaoresiduos.util.Util - alal infelizmente, não é um número inteiro
java.lang.NumberFormatException: For input string: "alal"
	at java.base/java.lang.NumberFormatException.forInputString(NumberFormatException.java:67) ~[?:?]
	at java.base/java.lang.Integer.parseInt(Integer.java:588) ~[?:?]
	at java.base/java.lang.Integer.parseInt(Integer.java:685) ~[?:?]
	at br.edu.up.gestaoresiduos.util.Util.lerInteiro(Util.java:16) [classes/:?]
	at br.edu.up.gestaoresiduos.view.Execucao.executar(Execucao.java:15) [classes/:?]
	at br.edu.up.gestaoresiduos.view.Execucao.executar(Execucao.java:18) [classes/:?]
	at br.edu.up.gestaoresiduos.view.Execucao.executar(Execucao.java:18) [classes/:?]
	at br.edu.up.Main.exibirMenu(Main.java:45) [classes/:?]
	at br.edu.up.Main.main(Main.java:31) [classes/:?]
2024-06-26 16:42:00.608 [main] INFO  br.edu.up.gestaoresiduos.util.Util - Número inteiro comprovado!
2024-06-26 16:42:01.770 [main] INFO  br.edu.up.gestaoresiduos.util.Util - Número inteiro comprovado!
2024-06-26 16:42:03.257 [main] INFO  br.edu.up.gestaoresiduos.controllers.PontoColetaController - Ponto de coleta removido: alal
2024-06-26 16:55:44.938 [main] INFO  br.edu.up.gestaoresiduos.util.Util - Número inteiro comprovado!
2024-06-26 16:55:45.937 [main] INFO  br.edu.up.gestaoresiduos.controllers.PontoColetaController - Ponto de coleta adicionado: ssda
2024-06-26 16:55:46.577 [main] INFO  br.edu.up.gestaoresiduos.util.Util - Número inteiro comprovado!
2024-06-26 16:55:47.989 [main] INFO  br.edu.up.gestaoresiduos.controllers.PontoColetaController - Ponto de coleta adicionado: awe
2024-06-26 16:55:56.257 [main] INFO  br.edu.up.gestaoresiduos.util.Util - Número inteiro comprovado!
2024-06-26 16:56:13.526 [main] INFO  br.edu.up.gestaoresiduos.util.Util - Número inteiro comprovado!
2024-06-26 16:56:15.099 [main] INFO  br.edu.up.gestaoresiduos.controllers.PontoColetaController - Ponto de coleta adicionado: awe
2024-06-26 16:56:18.496 [main] INFO  br.edu.up.gestaoresiduos.util.Util - Número inteiro comprovado!
2024-06-26 17:07:56.150 [main] INFO  br.edu.up.gestaoresiduos.util.Util - Número inteiro comprovado!
2024-06-26 17:08:00.287 [main] INFO  br.edu.up.gestaoresiduos.util.Util - Número inteiro comprovado!
2024-06-26 17:08:05.026 [main] INFO  br.edu.up.gestaoresiduos.util.Util - Número inteiro comprovado!
2024-06-26 17:08:06.993 [main] ERROR br.edu.up.gestaoresiduos.controllers.PontoColetaController - Ponto de coleta já existe!
2024-06-26 17:08:06.993 [main] INFO  br.edu.up.gestaoresiduos.controllers.PontoColetaController - Ponto de coleta adicionado: asda
2024-06-26 17:10:14.840 [main] INFO  br.edu.up.gestaoresiduos.util.Util - Número inteiro comprovado!
2024-06-26 17:10:15.797 [main] INFO  br.edu.up.gestaoresiduos.util.Util - Número inteiro comprovado!
2024-06-26 17:10:17.175 [main] INFO  br.edu.up.gestaoresiduos.controllers.PontoColetaController - Ponto de coleta adicionado: als
2024-06-26 17:10:21.947 [main] INFO  br.edu.up.gestaoresiduos.util.Util - Número inteiro comprovado!
2024-06-26 17:10:23.247 [main] ERROR br.edu.up.gestaoresiduos.controllers.PontoColetaController - Ponto de coleta já existe!
2024-06-26 17:10:25.716 [main] INFO  br.edu.up.gestaoresiduos.util.Util - Número inteiro comprovado!
2024-06-26 17:10:28.777 [main] INFO  br.edu.up.gestaoresiduos.util.Util - Número inteiro comprovado!
2024-06-26 17:10:28.777 [main] ERROR br.edu.up.gestaoresiduos.util.Util - Leitura não está dentro do escopo esperado
2024-06-26 17:10:33.565 [main] INFO  br.edu.up.gestaoresiduos.util.Util - Número inteiro comprovado!
2024-06-26 17:10:38.860 [main] INFO  br.edu.up.gestaoresiduos.util.Util - Número inteiro comprovado!
2024-06-26 17:10:40.786 [main] INFO  br.edu.up.gestaoresiduos.controllers.PontoColetaController - Ponto de coleta adicionado: aa
2024-06-26 17:10:42.618 [main] INFO  br.edu.up.gestaoresiduos.util.Util - Número inteiro comprovado!
2024-06-26 17:11:00.907 [main] INFO  br.edu.up.gestaoresiduos.util.Util - Número inteiro comprovado!
2024-06-26 17:11:01.737 [main] INFO  br.edu.up.gestaoresiduos.controllers.PontoColetaController - Ponto de coleta removido: aa
2024-06-26 17:11:03.996 [main] INFO  br.edu.up.gestaoresiduos.util.Util - Número inteiro comprovado!
2024-06-26 17:11:07.117 [main] INFO  br.edu.up.gestaoresiduos.util.Util - Número inteiro comprovado!
2024-06-26 17:11:08.151 [main] INFO  br.edu.up.gestaoresiduos.controllers.PontoColetaController - Ponto de coleta adicionado: aa
2024-06-26 17:11:10.927 [main] INFO  br.edu.up.gestaoresiduos.util.Util - Número inteiro comprovado!
2024-06-26 17:11:12.576 [main] INFO  br.edu.up.gestaoresiduos.util.Util - Número inteiro comprovado!
2024-06-26 17:11:13.435 [main] INFO  br.edu.up.gestaoresiduos.controllers.PontoColetaController - Ponto de coleta removido: als
2024-06-26 17:11:14.994 [main] INFO  br.edu.up.gestaoresiduos.util.Util - Número inteiro comprovado!
2024-06-26 17:19:31.480 [main] INFO  br.edu.up.gestaoresiduos.util.Util - Número inteiro comprovado!
2024-06-26 17:19:33.086 [main] INFO  br.edu.up.gestaoresiduos.util.Util - Número inteiro comprovado!
2024-06-26 17:19:35.117 [main] INFO  br.edu.up.gestaoresiduos.controllers.PontoColetaController - Ponto de coleta adicionado: erer
2024-06-26 17:19:37.623 [main] INFO  br.edu.up.gestaoresiduos.util.Util - Número inteiro comprovado!
2024-06-26 17:19:38.846 [main] INFO  br.edu.up.gestaoresiduos.controllers.PontoColetaController - Ponto de coleta adicionado: sa
2024-06-26 17:19:40.047 [main] INFO  br.edu.up.gestaoresiduos.util.Util - Número inteiro comprovado!
2024-06-26 17:19:44.788 [main] INFO  br.edu.up.gestaoresiduos.util.Util - Número inteiro comprovado!
2024-06-26 17:19:52.676 [main] INFO  br.edu.up.gestaoresiduos.util.Util - Número inteiro comprovado!
2024-06-26 17:20:50.001 [main] INFO  br.edu.up.gestaoresiduos.util.Util - Número inteiro comprovado!
2024-06-26 17:20:51.276 [main] INFO  br.edu.up.gestaoresiduos.util.Util - Número inteiro comprovado!
2024-06-26 17:20:52.081 [main] INFO  br.edu.up.gestaoresiduos.controllers.PontoColetaController - Ponto de coleta adicionado: asdas
2024-06-26 17:20:53.277 [main] INFO  br.edu.up.gestaoresiduos.util.Util - Número inteiro comprovado!
2024-06-26 17:20:54.071 [main] INFO  br.edu.up.gestaoresiduos.controllers.PontoColetaController - Ponto de coleta adicionado: as
2024-06-26 17:20:55.236 [main] INFO  br.edu.up.gestaoresiduos.util.Util - Número inteiro comprovado!
2024-06-26 17:20:57.186 [main] INFO  br.edu.up.gestaoresiduos.util.Util - Número inteiro comprovado!
2024-06-26 17:22:59.908 [main] INFO  br.edu.up.gestaoresiduos.util.Util - Número inteiro comprovado!
2024-06-26 17:23:00.786 [main] INFO  br.edu.up.gestaoresiduos.util.Util - Número inteiro comprovado!
2024-06-26 17:23:01.479 [main] INFO  br.edu.up.gestaoresiduos.controllers.PontoColetaController - Ponto de coleta adicionado: 32
2024-06-26 17:23:03.217 [main] INFO  br.edu.up.gestaoresiduos.util.Util - Número inteiro comprovado!
2024-06-26 17:23:04.177 [main] INFO  br.edu.up.gestaoresiduos.util.Util - Número inteiro comprovado!
2024-06-26 17:23:05.433 [main] INFO  br.edu.up.gestaoresiduos.controllers.PontoColetaController - Ponto de coleta adicionado: 123
2024-06-26 17:23:08.397 [main] INFO  br.edu.up.gestaoresiduos.util.Util - Número inteiro comprovado!
2024-06-26 17:46:02.009 [main] INFO  br.edu.up.gestaoresiduos.util.Util - Número inteiro comprovado!
2024-06-26 17:46:03.246 [main] INFO  br.edu.up.gestaoresiduos.util.Util - Número inteiro comprovado!
2024-06-26 17:46:04.094 [main] INFO  br.edu.up.gestaoresiduos.controllers.PontoColetaController - Ponto de coleta adicionado: as
2024-06-26 17:46:08.441 [main] INFO  br.edu.up.gestaoresiduos.util.Util - Número inteiro comprovado!
2024-06-26 17:46:12.266 [main] INFO  br.edu.up.gestaoresiduos.util.Util - Número inteiro comprovado!
2024-06-26 17:47:57.601 [main] INFO  br.edu.up.gestaoresiduos.util.Util - Número inteiro comprovado!
2024-06-26 17:47:58.956 [main] INFO  br.edu.up.gestaoresiduos.util.Util - Número inteiro comprovado!
2024-06-26 17:47:59.581 [main] INFO  br.edu.up.gestaoresiduos.controllers.PontoColetaController - Ponto de coleta adicionado: as
2024-06-26 17:48:02.246 [main] INFO  br.edu.up.gestaoresiduos.util.Util - Número inteiro comprovado!
2024-06-26 17:48:07.338 [main] ERROR br.edu.up.gestaoresiduos.util.Util -  infelizmente, não é um número inteiro
java.lang.NumberFormatException: For input string: ""
	at java.base/java.lang.NumberFormatException.forInputString(NumberFormatException.java:67) ~[?:?]
	at java.base/java.lang.Integer.parseInt(Integer.java:565) ~[?:?]
	at java.base/java.lang.Integer.parseInt(Integer.java:685) ~[?:?]
	at br.edu.up.gestaoresiduos.util.Util.lerInteiro(Util.java:16) [classes/:?]
	at br.edu.up.gestaoresiduos.view.Execucao.executar(Execucao.java:15) [classes/:?]
	at br.edu.up.gestaoresiduos.view.Execucao.executar(Execucao.java:18) [classes/:?]
	at br.edu.up.gestaoresiduos.view.Execucao.executar(Execucao.java:18) [classes/:?]
	at br.edu.up.Main.exibirMenu(Main.java:41) [classes/:?]
	at br.edu.up.Main.main(Main.java:27) [classes/:?]
2024-06-26 17:49:23.702 [main] INFO  br.edu.up.gestaoresiduos.util.Util - Número inteiro comprovado!
2024-06-26 17:49:24.977 [main] INFO  br.edu.up.gestaoresiduos.util.Util - Número inteiro comprovado!
2024-06-26 17:49:25.670 [main] INFO  br.edu.up.gestaoresiduos.controllers.PontoColetaController - Ponto de coleta adicionado: as
2024-06-26 17:49:27.436 [main] INFO  br.edu.up.gestaoresiduos.util.Util - Número inteiro comprovado!
2024-06-26 17:49:31.268 [main] ERROR br.edu.up.gestaoresiduos.util.Util -  infelizmente, não é um número inteiro
java.lang.NumberFormatException: For input string: ""
	at java.base/java.lang.NumberFormatException.forInputString(NumberFormatException.java:67) ~[?:?]
	at java.base/java.lang.Integer.parseInt(Integer.java:565) ~[?:?]
	at java.base/java.lang.Integer.parseInt(Integer.java:685) ~[?:?]
	at br.edu.up.gestaoresiduos.util.Util.lerInteiro(Util.java:16) [classes/:?]
	at br.edu.up.gestaoresiduos.view.Execucao.executar(Execucao.java:15) [classes/:?]
	at br.edu.up.gestaoresiduos.view.Execucao.executar(Execucao.java:18) [classes/:?]
	at br.edu.up.gestaoresiduos.view.Execucao.executar(Execucao.java:18) [classes/:?]
	at br.edu.up.Main.exibirMenu(Main.java:41) [classes/:?]
	at br.edu.up.Main.main(Main.java:27) [classes/:?]
2024-06-26 17:49:55.850 [main] INFO  br.edu.up.gestaoresiduos.util.Util - Número inteiro comprovado!
2024-06-26 17:49:56.676 [main] INFO  br.edu.up.gestaoresiduos.util.Util - Número inteiro comprovado!
2024-06-26 17:49:57.471 [main] INFO  br.edu.up.gestaoresiduos.controllers.PontoColetaController - Ponto de coleta adicionado: as
2024-06-26 17:49:59.729 [main] INFO  br.edu.up.gestaoresiduos.util.Util - Número inteiro comprovado!
2024-06-26 17:50:02.568 [main] ERROR br.edu.up.gestaoresiduos.util.Util -  infelizmente, não é um número inteiro
java.lang.NumberFormatException: For input string: ""
	at java.base/java.lang.NumberFormatException.forInputString(NumberFormatException.java:67) ~[?:?]
	at java.base/java.lang.Integer.parseInt(Integer.java:565) ~[?:?]
	at java.base/java.lang.Integer.parseInt(Integer.java:685) ~[?:?]
	at br.edu.up.gestaoresiduos.util.Util.lerInteiro(Util.java:16) [classes/:?]
	at br.edu.up.gestaoresiduos.view.Execucao.executar(Execucao.java:15) [classes/:?]
	at br.edu.up.gestaoresiduos.view.Execucao.executar(Execucao.java:18) [classes/:?]
	at br.edu.up.gestaoresiduos.view.Execucao.executar(Execucao.java:18) [classes/:?]
	at br.edu.up.Main.exibirMenu(Main.java:41) [classes/:?]
	at br.edu.up.Main.main(Main.java:27) [classes/:?]
2024-06-26 17:50:48.991 [main] ERROR br.edu.up.gestaoresiduos.util.Util -  infelizmente, não é um número inteiro
java.lang.NumberFormatException: For input string: ""
	at java.base/java.lang.NumberFormatException.forInputString(NumberFormatException.java:67) ~[?:?]
	at java.base/java.lang.Integer.parseInt(Integer.java:565) ~[?:?]
	at java.base/java.lang.Integer.parseInt(Integer.java:685) ~[?:?]
	at br.edu.up.gestaoresiduos.util.Util.lerInteiro(Util.java:16) [classes/:?]
	at br.edu.up.Main.main(Main.java:26) [classes/:?]
2024-06-26 17:50:49.007 [main] ERROR br.edu.up.gestaoresiduos.util.Util - Leitura não está dentro do escopo esperado
2024-06-26 17:50:50.216 [main] INFO  br.edu.up.gestaoresiduos.util.Util - Número inteiro comprovado!
2024-06-26 17:50:51.303 [main] ERROR br.edu.up.gestaoresiduos.util.Util - as infelizmente, não é um número inteiro
java.lang.NumberFormatException: For input string: "as"
	at java.base/java.lang.NumberFormatException.forInputString(NumberFormatException.java:67) ~[?:?]
	at java.base/java.lang.Integer.parseInt(Integer.java:588) ~[?:?]
	at java.base/java.lang.Integer.parseInt(Integer.java:685) ~[?:?]
	at br.edu.up.gestaoresiduos.util.Util.lerInteiro(Util.java:16) [classes/:?]
	at br.edu.up.gestaoresiduos.view.Execucao.executar(Execucao.java:15) [classes/:?]
	at br.edu.up.Main.exibirMenu(Main.java:41) [classes/:?]
	at br.edu.up.Main.main(Main.java:27) [classes/:?]
2024-06-26 17:50:52.811 [main] INFO  br.edu.up.gestaoresiduos.util.Util - Número inteiro comprovado!
2024-06-26 17:50:53.976 [main] INFO  br.edu.up.gestaoresiduos.util.Util - Número inteiro comprovado!
2024-06-26 17:50:54.581 [main] INFO  br.edu.up.gestaoresiduos.controllers.PontoColetaController - Ponto de coleta adicionado: as
2024-06-26 17:50:56.778 [main] INFO  br.edu.up.gestaoresiduos.util.Util - Número inteiro comprovado!
2024-06-26 17:50:58.517 [main] ERROR br.edu.up.gestaoresiduos.util.Util -  infelizmente, não é um número inteiro
java.lang.NumberFormatException: For input string: ""
	at java.base/java.lang.NumberFormatException.forInputString(NumberFormatException.java:67) ~[?:?]
	at java.base/java.lang.Integer.parseInt(Integer.java:565) ~[?:?]
	at java.base/java.lang.Integer.parseInt(Integer.java:685) ~[?:?]
	at br.edu.up.gestaoresiduos.util.Util.lerInteiro(Util.java:16) [classes/:?]
	at br.edu.up.gestaoresiduos.view.Execucao.executar(Execucao.java:15) [classes/:?]
	at br.edu.up.gestaoresiduos.view.Execucao.executar(Execucao.java:18) [classes/:?]
	at br.edu.up.gestaoresiduos.view.Execucao.executar(Execucao.java:18) [classes/:?]
	at br.edu.up.Main.exibirMenu(Main.java:41) [classes/:?]
	at br.edu.up.Main.main(Main.java:27) [classes/:?]
2024-06-26 17:51:11.168 [main] INFO  br.edu.up.gestaoresiduos.util.Util - Número inteiro comprovado!
2024-06-26 17:51:13.709 [main] INFO  br.edu.up.gestaoresiduos.util.Util - Número inteiro comprovado!
2024-06-26 17:51:16.626 [main] INFO  br.edu.up.gestaoresiduos.util.Util - Número inteiro comprovado!
